{"numTotalTestSuites":28,"numPassedTestSuites":28,"numFailedTestSuites":0,"numPendingTestSuites":0,"numTotalTests":75,"numPassedTests":75,"numFailedTests":0,"numPendingTests":0,"numTodoTests":0,"snapshot":{"added":0,"failure":false,"filesAdded":0,"filesRemoved":0,"filesRemovedList":[],"filesUnmatched":0,"filesUpdated":0,"matched":0,"total":0,"unchecked":0,"uncheckedKeysByFile":[],"unmatched":0,"updated":0,"didUpdate":false},"startTime":1789787488109,"success":true,"testResults":[{"assertionResults":[{"ancestorTitles":["company procurement open demand status filter"],"fullName":"company procurement open demand status filter loads open demand using only values accepted by the Cloud request_status enum","status":"passed","title":"loads open demand using only values accepted by the Cloud request_status enum","duration":1.820083000000011,"failureMessages":[],"meta":{},"tags":[]}],"startTime":1789787489011,"endTime":1789787489012.82,"status":"passed","message":"","name":"/Users/admin/khotienthinh/lib/__tests__/companyProcurementOpenDemandStatus.test.ts"},{"assertionResults":[{"ancestorTitles":["documentTraceService helpers"],"fullName":"documentTraceService helpers round-trips the unified QR payload","status":"passed","title":"round-trips the unified QR payload","duration":1.5064580000000092,"failureMessages":[],"meta":{},"tags":[]},{"ancestorTitles":["documentTraceService helpers"],"fullName":"documentTraceService helpers round-trips document QR URLs and rejects malformed payloads","status":"passed","title":"round-trips document QR URLs and rejects malformed payloads","duration":0.920833000000016,"failureMessages":[],"meta":{},"tags":[]},{"ancestorTitles":["documentTraceService helpers"],"fullName":"documentTraceService helpers builds a direct-in-out supplier contract trace graph from document links","status":"passed","title":"builds a direct-in-out supplier contract trace graph from document links","duration":0.4615000000000009,"failureMessages":[],"meta":{},"tags":[]},{"ancestorTitles":["documentTraceService helpers"],"fullName":"documentTraceService helpers traces a payment batch downstream from source documents without project document links","status":"passed","title":"traces a payment batch downstream from source documents without project document links","duration":0.3795000000000073,"failureMessages":[],"meta":{},"tags":[]}],"startTime":1789787488905,"endTime":1789787488908.3794,"status":"passed","message":"","name":"/Users/admin/khotienthinh/lib/__tests__/documentTraceService.test.ts"},{"assertionResults":[{"ancestorTitles":["material issue return and approval reversal service"],"fullName":"material issue return and approval reversal service creates an idempotent unused return through RPC V2 and hydrates its order","status":"passed","title":"creates an idempotent unused return through RPC V2 and hydrates its order","duration":4.721375000000023,"failureMessages":[],"meta":{},"tags":[]},{"ancestorTitles":["material issue return and approval reversal service"],"fullName":"material issue return and approval reversal service reverses an untouched approval and returns the freshly hydrated order","status":"passed","title":"reverses an untouched approval and returns the freshly hydrated order","duration":0.853999999999985,"failureMessages":[],"meta":{},"tags":[]}],"startTime":1789787488625,"endTime":1789787488630.854,"status":"passed","message":"","name":"/Users/admin/khotienthinh/lib/__tests__/materialIssueReturnService.test.ts"},{"assertionResults":[{"ancestorTitles":["actual PO receipt contract"],"fullName":"actual PO receipt contract approves V2 actual receipt by delivery batch and WMS ids without PO-wide lookup","status":"passed","title":"approves V2 actual receipt by delivery batch and WMS ids without PO-wide lookup","duration":5.6007079999999405,"failureMessages":[],"meta":{},"tags":[]}],"startTime":1789787488743,"endTime":1789787488748.6006,"status":"passed","message":"","name":"/Users/admin/khotienthinh/lib/__tests__/materialRequestFulfillmentService.actualReceipt.test.ts"},{"assertionResults":[{"ancestorTitles":["proactive PO WMS receipt contract"],"fullName":"proactive PO WMS receipt contract keeps accepted purchase and stock quantities in their own units","status":"passed","title":"keeps accepted purchase and stock quantities in their own units","duration":2.633125000000007,"failureMessages":[],"meta":{},"tags":[]},{"ancestorTitles":["proactive PO WMS receipt contract"],"fullName":"proactive PO WMS receipt contract keeps repeated-SKU receipt payloads tied to their commercial lines and prices","status":"passed","title":"keeps repeated-SKU receipt payloads tied to their commercial lines and prices","duration":5.356415999999996,"failureMessages":[],"meta":{},"tags":[]}],"startTime":1789787488866,"endTime":1789787488874.3564,"status":"passed","message":"","name":"/Users/admin/khotienthinh/lib/__tests__/materialRequestFulfillmentService.proactiveReceipt.test.ts"},{"assertionResults":[{"ancestorTitles":["projectFinanceWorkspaceService"],"fullName":"projectFinanceWorkspaceService recognizes supplier payable from net received PO quantity, not ordered quantity","status":"passed","title":"recognizes supplier payable from net received PO quantity, not ordered quantity","duration":2.154291999999998,"failureMessages":[],"meta":{},"tags":[]},{"ancestorTitles":["projectFinanceWorkspaceService"],"fullName":"projectFinanceWorkspaceService deducts supplier returns from recognized payable","status":"passed","title":"deducts supplier returns from recognized payable","duration":0.38262500000001864,"failureMessages":[],"meta":{},"tags":[]},{"ancestorTitles":["projectFinanceWorkspaceService"],"fullName":"projectFinanceWorkspaceService marks received PO payable as unpaid when there is no payment transaction","status":"passed","title":"marks received PO payable as unpaid when there is no payment transaction","duration":0.5144999999999982,"failureMessages":[],"meta":{},"tags":[]},{"ancestorTitles":["projectFinanceWorkspaceService"],"fullName":"projectFinanceWorkspaceService sums multiple PO payment transactions by purchase order source ref prefix","status":"passed","title":"sums multiple PO payment transactions by purchase order source ref prefix","duration":0.39433300000001736,"failureMessages":[],"meta":{},"tags":[]},{"ancestorTitles":["projectFinanceWorkspaceService"],"fullName":"projectFinanceWorkspaceService marks PO payable as paid once payment transactions cover the recognized amount","status":"passed","title":"marks PO payable as paid once payment transactions cover the recognized amount","duration":0.29374999999998863,"failureMessages":[],"meta":{},"tags":[]},{"ancestorTitles":["projectFinanceWorkspaceService"],"fullName":"projectFinanceWorkspaceService builds supplier payable rows from AP balances instead of PO payment transactions","status":"passed","title":"builds supplier payable rows from AP balances instead of PO payment transactions","duration":0.49158299999999144,"failureMessages":[],"meta":{},"tags":[]},{"ancestorTitles":["projectFinanceWorkspaceService"],"fullName":"projectFinanceWorkspaceService uses business labels instead of supplier UUIDs for aggregated AP rows","status":"passed","title":"uses business labels instead of supplier UUIDs for aggregated AP rows","duration":0.3494999999999777,"failureMessages":[],"meta":{},"tags":[]},{"ancestorTitles":["projectFinanceWorkspaceService"],"fullName":"projectFinanceWorkspaceService deep-links purchase order payable rows to the PO document position","status":"passed","title":"deep-links purchase order payable rows to the PO document position","duration":0.6434999999999604,"failureMessages":[],"meta":{},"tags":[]},{"ancestorTitles":["projectFinanceWorkspaceService"],"fullName":"projectFinanceWorkspaceService does not double count site cash settlement cashflow when AP already recognized the cost","status":"passed","title":"does not double count site cash settlement cashflow when AP already recognized the cost","duration":3.8537089999999807,"failureMessages":[],"meta":{},"tags":[]},{"ancestorTitles":["projectFinanceWorkspaceService"],"fullName":"projectFinanceWorkspaceService separates supplier AP recognition from partial PAY cash out","status":"passed","title":"separates supplier AP recognition from partial PAY cash out","duration":0.3555830000000242,"failureMessages":[],"meta":{},"tags":[]},{"ancestorTitles":["projectFinanceWorkspaceService"],"fullName":"projectFinanceWorkspaceService does not double count purchase receipt recognition with its AP balance or PAY cashflow","status":"passed","title":"does not double count purchase receipt recognition with its AP balance or PAY cashflow","duration":0.17337500000002137,"failureMessages":[],"meta":{},"tags":[]},{"ancestorTitles":["projectFinanceWorkspaceService"],"fullName":"projectFinanceWorkspaceService builds supplier control summary from AP, payment batches, balances and direct delivery WMS state","status":"passed","title":"builds supplier control summary from AP, payment batches, balances and direct delivery WMS state","duration":58.63062500000001,"failureMessages":[],"meta":{},"tags":[]},{"ancestorTitles":["projectFinanceWorkspaceService"],"fullName":"projectFinanceWorkspaceService includes opening balance material expense in recognized material cost without increasing supplier debt","status":"passed","title":"includes opening balance material expense in recognized material cost without increasing supplier debt","duration":0.48708299999998417,"failureMessages":[],"meta":{},"tags":[]}],"startTime":1789787488625,"endTime":1789787488694.487,"status":"passed","message":"","name":"/Users/admin/khotienthinh/lib/__tests__/projectFinanceWorkspaceService.test.ts"},{"assertionResults":[{"ancestorTitles":["projectMaterialPlanningService.buildAggregateSummary"],"fullName":"projectMaterialPlanningService.buildAggregateSummary groups same material and keeps remaining BOQ separate from near-term shortage","status":"passed","title":"groups same material and keeps remaining BOQ separate from near-term shortage","duration":17.364333999999985,"failureMessages":[],"meta":{},"tags":[]},{"ancestorTitles":["projectMaterialPlanningService.buildAggregateSummary"],"fullName":"projectMaterialPlanningService.buildAggregateSummary weights mixed purchase-unit lines from the newest confirmed PO for planning price","status":"passed","title":"weights mixed purchase-unit lines from the newest confirmed PO for planning price","duration":0.9757500000000618,"failureMessages":[],"meta":{},"tags":[]},{"ancestorTitles":["projectMaterialPlanningService.buildAggregateSummary"],"fullName":"projectMaterialPlanningService.buildAggregateSummary does not revive an older PO when the newest positive-price PO has no stock quantity","status":"passed","title":"does not revive an older PO when the newest positive-price PO has no stock quantity","duration":0.399791999999934,"failureMessages":[],"meta":{},"tags":[]}],"startTime":1789787488803,"endTime":1789787488822.4,"status":"passed","message":"","name":"/Users/admin/khotienthinh/lib/__tests__/projectMaterialPlanningService.aggregate.test.ts"},{"assertionResults":[{"ancestorTitles":["purchaseOrderSupplierReturnService"],"fullName":"purchaseOrderSupplierReturnService creates a supplier return through the receipt-safe RPC contract","status":"passed","title":"creates a supplier return through the receipt-safe RPC contract","duration":3.052750000000003,"failureMessages":[],"meta":{},"tags":[]},{"ancestorTitles":["purchaseOrderSupplierReturnService"],"fullName":"purchaseOrderSupplierReturnService preserves both commercial line IDs when returning a repeated SKU","status":"passed","title":"preserves both commercial line IDs when returning a repeated SKU","duration":0.328125,"failureMessages":[],"meta":{},"tags":[]},{"ancestorTitles":["purchaseOrderSupplierReturnService"],"fullName":"purchaseOrderSupplierReturnService loads supplier returns with their lines and maps database keys","status":"passed","title":"loads supplier returns with their lines and maps database keys","duration":0.8899170000000254,"failureMessages":[],"meta":{},"tags":[]},{"ancestorTitles":["purchaseOrderSupplierReturnService"],"fullName":"purchaseOrderSupplierReturnService throws RPC errors instead of returning a partial supplier return","status":"passed","title":"throws RPC errors instead of returning a partial supplier return","duration":0.6665419999999926,"failureMessages":[],"meta":{},"tags":[]}],"startTime":1789787488626,"endTime":1789787488630.6665,"status":"passed","message":"","name":"/Users/admin/khotienthinh/lib/__tests__/purchaseOrderSupplierReturnService.test.ts"},{"assertionResults":[{"ancestorTitles":["purchasePackageService"],"fullName":"purchasePackageService submits one multiple-delivery batch to its selected approver","status":"passed","title":"submits one multiple-delivery batch to its selected approver","duration":4.6297499999999445,"failureMessages":[],"meta":{},"tags":[]},{"ancestorTitles":["purchasePackageService"],"fullName":"purchasePackageService records the batch-specific MR overage reason before submission","status":"passed","title":"records the batch-specific MR overage reason before submission","duration":0.45949999999999136,"failureMessages":[],"meta":{},"tags":[]},{"ancestorTitles":["purchasePackageService"],"fullName":"purchasePackageService saves a multiple-delivery draft without creating WMS","status":"passed","title":"saves a multiple-delivery draft without creating WMS","duration":0.39512499999995043,"failureMessages":[],"meta":{},"tags":[]},{"ancestorTitles":["purchasePackageService"],"fullName":"purchasePackageService returns a pending batch for revision through the neutral decision command","status":"passed","title":"returns a pending batch for revision through the neutral decision command","duration":0.35495800000001054,"failureMessages":[],"meta":{},"tags":[]},{"ancestorTitles":["purchasePackageService"],"fullName":"purchasePackageService approves one batch and returns its idempotent WMS/QR result","status":"passed","title":"approves one batch and returns its idempotent WMS/QR result","duration":0.46104199999996354,"failureMessages":[],"meta":{},"tags":[]},{"ancestorTitles":["purchasePackageService"],"fullName":"purchasePackageService accepts snake_case command result fields from PostgREST JSON responses","status":"passed","title":"accepts snake_case command result fields from PostgREST JSON responses","duration":0.18433399999997846,"failureMessages":[],"meta":{},"tags":[]},{"ancestorTitles":["purchasePackageService"],"fullName":"purchasePackageService loads a WMS transaction by id when the cockpit has only the linked id","status":"passed","title":"loads a WMS transaction by id when the cockpit has only the linked id","duration":1.4653749999999945,"failureMessages":[],"meta":{},"tags":[]},{"ancestorTitles":["purchasePackageService"],"fullName":"purchasePackageService returns the auto-created first delivery for a single package approval","status":"passed","title":"returns the auto-created first delivery for a single package approval","duration":0.3870839999999589,"failureMessages":[],"meta":{},"tags":[]},{"ancestorTitles":["purchasePackageService"],"fullName":"purchasePackageService cancels an unreceived delivery with its actor and reason","status":"passed","title":"cancels an unreceived delivery with its actor and reason","duration":0.2716249999999718,"failureMessages":[],"meta":{},"tags":[]},{"ancestorTitles":["purchasePackageService"],"fullName":"purchasePackageService surfaces RPC errors from cancel","status":"passed","title":"surfaces RPC errors from cancel","duration":0.8080410000000029,"failureMessages":[],"meta":{},"tags":[]},{"ancestorTitles":["purchasePackageService"],"fullName":"purchasePackageService closes package shortage with actor, reason, and line quantities","status":"passed","title":"closes package shortage with actor, reason, and line quantities","duration":1.1230830000000083,"failureMessages":[],"meta":{},"tags":[]},{"ancestorTitles":["purchasePackageService"],"fullName":"purchasePackageService rejects an incomplete command result","status":"passed","title":"rejects an incomplete command result","duration":1.1477080000000228,"failureMessages":[],"meta":{},"tags":[]}],"startTime":1789787488639,"endTime":1789787488653.1477,"status":"passed","message":"","name":"/Users/admin/khotienthinh/lib/__tests__/purchasePackageService.test.ts"},{"assertionResults":[{"ancestorTitles":["purchaseReceiptService"],"fullName":"purchaseReceiptService approves quality for exactly one delivery batch and WMS transaction","status":"passed","title":"approves quality for exactly one delivery batch and WMS transaction","duration":4.321207999999984,"failureMessages":[],"meta":{},"tags":[]},{"ancestorTitles":["purchaseReceiptService"],"fullName":"purchaseReceiptService finalizes receipt for exactly one delivery batch and WMS transaction","status":"passed","title":"finalizes receipt for exactly one delivery batch and WMS transaction","duration":0.9853330000000255,"failureMessages":[],"meta":{},"tags":[]},{"ancestorTitles":["purchaseReceiptService"],"fullName":"purchaseReceiptService rejects command results for a different delivery batch or WMS transaction","status":"passed","title":"rejects command results for a different delivery batch or WMS transaction","duration":1.3519579999999962,"failureMessages":[],"meta":{},"tags":[]}],"startTime":1789787488795,"endTime":1789787488801.352,"status":"passed","message":"","name":"/Users/admin/khotienthinh/lib/__tests__/purchaseReceiptService.test.ts"},{"assertionResults":[{"ancestorTitles":["supplierPayableService helpers"],"fullName":"supplierPayableService helpers recognizes PO payable from net received quantity only","status":"passed","title":"recognizes PO payable from net received quantity only","duration":1.6297500000000014,"failureMessages":[],"meta":{},"tags":[]},{"ancestorTitles":["supplierPayableService helpers"],"fullName":"supplierPayableService helpers recognizes over-received PO payable from actual quantity, then nets returns","status":"passed","title":"recognizes over-received PO payable from actual quantity, then nets returns","duration":0.20324999999996862,"failureMessages":[],"meta":{},"tags":[]},{"ancestorTitles":["supplierPayableService helpers"],"fullName":"supplierPayableService helpers calculates delivery receipt gross from accepted quantities and VAT","status":"passed","title":"calculates delivery receipt gross from accepted quantities and VAT","duration":0.1532500000000141,"failureMessages":[],"meta":{},"tags":[]},{"ancestorTitles":["supplierPayableService helpers"],"fullName":"supplierPayableService helpers calculates supplier invoice variance against linked receipt AP gross","status":"passed","title":"calculates supplier invoice variance against linked receipt AP gross","duration":0.5077499999999873,"failureMessages":[],"meta":{},"tags":[]},{"ancestorTitles":["supplierPayableService helpers"],"fullName":"supplierPayableService helpers validates supplier invoice many-to-many payable allocations","status":"passed","title":"validates supplier invoice many-to-many payable allocations","duration":0.668124999999975,"failureMessages":[],"meta":{},"tags":[]},{"ancestorTitles":["supplierPayableService helpers"],"fullName":"supplierPayableService helpers maps duplicate supplier invoice numbers to a Vietnamese error","status":"passed","title":"maps duplicate supplier invoice numbers to a Vietnamese error","duration":0.644834000000003,"failureMessages":[],"meta":{},"tags":[]},{"ancestorTitles":["supplierPayableService helpers"],"fullName":"supplierPayableService helpers builds an AP document snapshot from a received purchase order","status":"passed","title":"builds an AP document snapshot from a received purchase order","duration":8.65949999999998,"failureMessages":[],"meta":{},"tags":[]},{"ancestorTitles":["supplierPayableService helpers"],"fullName":"supplierPayableService helpers aggregates supplier balances from AP documents and paid allocations","status":"passed","title":"aggregates supplier balances from AP documents and paid allocations","duration":0.6628749999999854,"failureMessages":[],"meta":{},"tags":[]},{"ancestorTitles":["supplierPayableService helpers"],"fullName":"supplierPayableService helpers filters AP documents by source type and source id when loading a PO cockpit","status":"passed","title":"filters AP documents by source type and source id when loading a PO cockpit","duration":1.9216659999999592,"failureMessages":[],"meta":{},"tags":[]},{"ancestorTitles":["supplierPayableService helpers"],"fullName":"supplierPayableService helpers syncs AP document from a site direct purchase through the posting RPC","status":"passed","title":"syncs AP document from a site direct purchase through the posting RPC","duration":0.6942080000000033,"failureMessages":[],"meta":{},"tags":[]},{"ancestorTitles":["supplierPayableService helpers"],"fullName":"supplierPayableService helpers syncs AP document from a supplier delivery statement and keeps contract metadata","status":"passed","title":"syncs AP document from a supplier delivery statement and keeps contract metadata","duration":0.5543329999999855,"failureMessages":[],"meta":{},"tags":[]}],"startTime":1789787488626,"endTime":1789787488642.5544,"status":"passed","message":"","name":"/Users/admin/khotienthinh/lib/__tests__/supplierPayableService.test.ts"},{"assertionResults":[{"ancestorTitles":["supplierPaymentBatchService helpers"],"fullName":"supplierPaymentBatchService helpers allocates a partial supplier payment FIFO across payable documents","status":"passed","title":"allocates a partial supplier payment FIFO across payable documents","duration":19.55775,"failureMessages":[],"meta":{},"tags":[]},{"ancestorTitles":["supplierPaymentBatchService helpers"],"fullName":"supplierPaymentBatchService helpers keeps NCC A outstanding at 700 million after a 300 million batch against 1 billion AP","status":"passed","title":"keeps NCC A outstanding at 700 million after a 300 million batch against 1 billion AP","duration":0.5113340000000335,"failureMessages":[],"meta":{},"tags":[]},{"ancestorTitles":["supplierPaymentBatchService helpers"],"fullName":"supplierPaymentBatchService helpers rejects overpayment before posting the batch","status":"passed","title":"rejects overpayment before posting the batch","duration":0.9031659999999988,"failureMessages":[],"meta":{},"tags":[]},{"ancestorTitles":["supplierPaymentBatchService helpers"],"fullName":"supplierPaymentBatchService helpers lists supplier payment batches with scoped filters and maps snake case rows","status":"passed","title":"lists supplier payment batches with scoped filters and maps snake case rows","duration":4.997000000000014,"failureMessages":[],"meta":{},"tags":[]},{"ancestorTitles":["supplierPaymentBatchService helpers"],"fullName":"supplierPaymentBatchService helpers loads a payment batch detail with allocations","status":"passed","title":"loads a payment batch detail with allocations","duration":1.3477910000000293,"failureMessages":[],"meta":{},"tags":[]},{"ancestorTitles":["supplierPaymentBatchService helpers"],"fullName":"supplierPaymentBatchService helpers updates a draft batch by replacing its allocations","status":"passed","title":"updates a draft batch by replacing its allocations","duration":1.1045419999999808,"failureMessages":[],"meta":{},"tags":[]}],"startTime":1789787488625,"endTime":1789787488653.1045,"status":"passed","message":"","name":"/Users/admin/khotienthinh/lib/__tests__/supplierPaymentBatchService.test.ts"},{"assertionResults":[{"ancestorTitles":["PurchaseDeliveryBatchEditor UI contract"],"fullName":"PurchaseDeliveryBatchEditor UI contract keeps warehouse receipt quantity out of the delivery planning editor","status":"passed","title":"keeps warehouse receipt quantity out of the delivery planning editor","duration":1.2371249999999918,"failureMessages":[],"meta":{},"tags":[]},{"ancestorTitles":["PurchaseDeliveryBatchEditor UI contract"],"fullName":"PurchaseDeliveryBatchEditor UI contract uses practical draft wording for a purchase batch","status":"passed","title":"uses practical draft wording for a purchase batch","duration":0.15437499999995907,"failureMessages":[],"meta":{},"tags":[]},{"ancestorTitles":["PurchaseDeliveryBatchEditor UI contract"],"fullName":"PurchaseDeliveryBatchEditor UI contract opens package delivery editing in a wider modal for multi-line purchase orders","status":"passed","title":"opens package delivery editing in a wider modal for multi-line purchase orders","duration":0.4790830000000028,"failureMessages":[],"meta":{},"tags":[]},{"ancestorTitles":["PurchaseDeliveryBatchEditor UI contract"],"fullName":"PurchaseDeliveryBatchEditor UI contract keeps PO line notes opt-in and collapses package reconciliation details by default","status":"passed","title":"keeps PO line notes opt-in and collapses package reconciliation details by default","duration":1.1681250000000318,"failureMessages":[],"meta":{},"tags":[]},{"ancestorTitles":["PurchaseDeliveryBatchEditor UI contract"],"fullName":"PurchaseDeliveryBatchEditor UI contract shows the delivery schedule editor directly in request package PO drafts","status":"passed","title":"shows the delivery schedule editor directly in request package PO drafts","duration":1.426541000000043,"failureMessages":[],"meta":{},"tags":[]},{"ancestorTitles":["PurchaseDeliveryBatchEditor UI contract"],"fullName":"PurchaseDeliveryBatchEditor UI contract lets request package PO lines edit the purchase quantity used for pricing","status":"passed","title":"lets request package PO lines edit the purchase quantity used for pricing","duration":0.9679169999999999,"failureMessages":[],"meta":{},"tags":[]},{"ancestorTitles":["PurchaseDeliveryBatchEditor UI contract"],"fullName":"PurchaseDeliveryBatchEditor UI contract keeps PO line price fields clear of compact action buttons on wide screens","status":"passed","title":"keeps PO line price fields clear of compact action buttons on wide screens","duration":1.1914580000000115,"failureMessages":[],"meta":{},"tags":[]}],"startTime":1789787488517,"endTime":1789787488524.1914,"status":"passed","message":"","name":"/Users/admin/khotienthinh/components/project/__tests__/PurchaseDeliveryBatchEditor.test.ts"},{"assertionResults":[{"ancestorTitles":["PurchaseOrderCockpit practical material flow"],"fullName":"PurchaseOrderCockpit practical material flow presents a single purchase as an ordinary order and multiple purchases as numbered batches","status":"passed","title":"presents a single purchase as an ordinary order and multiple purchases as numbered batches","duration":1.2254159999999956,"failureMessages":[],"meta":{},"tags":[]},{"ancestorTitles":["PurchaseOrderCockpit practical material flow"],"fullName":"PurchaseOrderCockpit practical material flow shows only the four factual quantity totals","status":"passed","title":"shows only the four factual quantity totals","duration":0.27958399999999983,"failureMessages":[],"meta":{},"tags":[]},{"ancestorTitles":["PurchaseOrderCockpit practical material flow"],"fullName":"PurchaseOrderCockpit practical material flow removes rejected implementation language from the practical order view","status":"passed","title":"removes rejected implementation language from the practical order view","duration":0.5423330000000135,"failureMessages":[],"meta":{},"tags":[]},{"ancestorTitles":["PurchaseOrderCockpit practical material flow"],"fullName":"PurchaseOrderCockpit practical material flow shows one explicit gross total for multiple delivery batches instead of a duplicate reference amount","status":"passed","title":"shows one explicit gross total for multiple delivery batches instead of a duplicate reference amount","duration":0.19291600000002518,"failureMessages":[],"meta":{},"tags":[]},{"ancestorTitles":["PurchaseOrderCockpit practical material flow"],"fullName":"PurchaseOrderCockpit practical material flow keeps the purchase unit on ordered quantities and makes a pending batch actionable from the task panel","status":"passed","title":"keeps the purchase unit on ordered quantities and makes a pending batch actionable from the task panel","duration":0.23637500000000955,"failureMessages":[],"meta":{},"tags":[]},{"ancestorTitles":["PurchaseOrderCockpit practical material flow"],"fullName":"PurchaseOrderCockpit practical material flow shows each delivery batch as its VAT-inclusive commercial value","status":"passed","title":"shows each delivery batch as its VAT-inclusive commercial value","duration":0.16087500000000432,"failureMessages":[],"meta":{},"tags":[]}],"startTime":1789787488836,"endTime":1789787488839.2363,"status":"passed","message":"","name":"/Users/admin/khotienthinh/components/project/__tests__/PurchaseOrderCockpitPracticalFlow.test.tsx"}]}